2022-01-13T19:50:38+00:00 CRITICAL Uncaught Error: Cannot use object of type WP_Error as array in C:\xampp\htdocs\hiboost\wp-content\plugins\elementor\includes\template-library\manager.php:457
Stack trace:
#0 [internal function]: Elementor\TemplateLibrary\Manager->import_template(Array)
#1 C:\xampp\htdocs\hiboost\wp-content\plugins\elementor\includes\template-library\manager.php(550): call_user_func(Array, Array)
#2 C:\xampp\htdocs\hiboost\wp-content\plugins\elementor\includes\template-library\manager.php(582): Elementor\TemplateLibrary\Manager->handle_ajax_request('import_template', Array)
#3 [internal function]: Elementor\TemplateLibrary\Manager->Elementor\TemplateLibrary\{closure}(Array, Object(Elementor\Core\Common\Modules\Ajax\Module))
#4 C:\xampp\htdocs\hiboost\wp-content\plugins\elementor\core\common\modules\ajax\module.php(171): call_user_func(Object(Closure), Array, Object(Elementor\Core\Common\Modules\Ajax\Module))
#5 C:\xampp\htdocs\hiboost\wp-includes\class-wp-hook.php(303): Elementor\Core\Common\Modules\Ajax\Module->handle_ajax_re in C:\xampp\htdocs\hiboost\wp-content\plugins\elementor\includes\template-library\manager.php on line 457

2022-01-13T19:50:46+00:00 CRITICAL Uncaught Error: Cannot use object of type WP_Error as array in C:\xampp\htdocs\hiboost\wp-content\plugins\elementor\includes\template-library\manager.php:457
Stack trace:
#0 [internal function]: Elementor\TemplateLibrary\Manager->import_template(Array)
#1 C:\xampp\htdocs\hiboost\wp-content\plugins\elementor\includes\template-library\manager.php(550): call_user_func(Array, Array)
#2 C:\xampp\htdocs\hiboost\wp-content\plugins\elementor\includes\template-library\manager.php(582): Elementor\TemplateLibrary\Manager->handle_ajax_request('import_template', Array)
#3 [internal function]: Elementor\TemplateLibrary\Manager->Elementor\TemplateLibrary\{closure}(Array, Object(Elementor\Core\Common\Modules\Ajax\Module))
#4 C:\xampp\htdocs\hiboost\wp-content\plugins\elementor\core\common\modules\ajax\module.php(171): call_user_func(Object(Closure), Array, Object(Elementor\Core\Common\Modules\Ajax\Module))
#5 C:\xampp\htdocs\hiboost\wp-includes\class-wp-hook.php(303): Elementor\Core\Common\Modules\Ajax\Module->handle_ajax_re in C:\xampp\htdocs\hiboost\wp-content\plugins\elementor\includes\template-library\manager.php on line 457

2022-01-13T19:52:06+00:00 CRITICAL Uncaught Error: Cannot use object of type WP_Error as array in C:\xampp\htdocs\hiboost\wp-content\plugins\elementor\includes\template-library\manager.php:457
Stack trace:
#0 [internal function]: Elementor\TemplateLibrary\Manager->import_template(Array)
#1 C:\xampp\htdocs\hiboost\wp-content\plugins\elementor\includes\template-library\manager.php(550): call_user_func(Array, Array)
#2 C:\xampp\htdocs\hiboost\wp-content\plugins\elementor\includes\template-library\manager.php(582): Elementor\TemplateLibrary\Manager->handle_ajax_request('import_template', Array)
#3 [internal function]: Elementor\TemplateLibrary\Manager->Elementor\TemplateLibrary\{closure}(Array, Object(Elementor\Core\Common\Modules\Ajax\Module))
#4 C:\xampp\htdocs\hiboost\wp-content\plugins\elementor\core\common\modules\ajax\module.php(171): call_user_func(Object(Closure), Array, Object(Elementor\Core\Common\Modules\Ajax\Module))
#5 C:\xampp\htdocs\hiboost\wp-includes\class-wp-hook.php(303): Elementor\Core\Common\Modules\Ajax\Module->handle_ajax_re in C:\xampp\htdocs\hiboost\wp-content\plugins\elementor\includes\template-library\manager.php on line 457

2022-01-13T21:06:12+00:00 CRITICAL Uncaught Error: Cannot use object of type WP_Error as array in C:\xampp\htdocs\hiboost\wp-content\plugins\elementor\includes\template-library\manager.php:457
Stack trace:
#0 [internal function]: Elementor\TemplateLibrary\Manager->import_template(Array)
#1 C:\xampp\htdocs\hiboost\wp-content\plugins\elementor\includes\template-library\manager.php(550): call_user_func(Array, Array)
#2 C:\xampp\htdocs\hiboost\wp-content\plugins\elementor\includes\template-library\manager.php(582): Elementor\TemplateLibrary\Manager->handle_ajax_request('import_template', Array)
#3 [internal function]: Elementor\TemplateLibrary\Manager->Elementor\TemplateLibrary\{closure}(Array, Object(Elementor\Core\Common\Modules\Ajax\Module))
#4 C:\xampp\htdocs\hiboost\wp-content\plugins\elementor\core\common\modules\ajax\module.php(171): call_user_func(Object(Closure), Array, Object(Elementor\Core\Common\Modules\Ajax\Module))
#5 C:\xampp\htdocs\hiboost\wp-includes\class-wp-hook.php(303): Elementor\Core\Common\Modules\Ajax\Module->handle_ajax_re in C:\xampp\htdocs\hiboost\wp-content\plugins\elementor\includes\template-library\manager.php on line 457

